<?xml version="1.0" encoding="UTF-8"?>
<testng-results ignored="0" total="1" passed="1" failed="0" skipped="0">
  <reporter-output>
  </reporter-output>
  <suite started-at="2024-11-11T13:07:33 IST" name="Default suite" finished-at="2024-11-11T13:07:39 IST" duration-ms="5613">
    <groups>
    </groups>
    <test started-at="2024-11-11T13:07:33 IST" name="Default test" finished-at="2024-11-11T13:07:39 IST" duration-ms="5613">
      <class name="com.qapitol.Testcases.ElementsTest">
        <test-method is-config="true" signature="openBrowser()[pri:0, instance:com.qapitol.Testcases.ElementsTest@2cd76f31]" started-at="2024-11-11T13:07:33 IST" name="openBrowser" finished-at="2024-11-11T13:07:38 IST" duration-ms="4832" status="PASS">
          <reporter-output>
          </reporter-output>
        </test-method> <!-- openBrowser -->
        <test-method signature="elementActions()[pri:0, instance:com.qapitol.Testcases.ElementsTest@2cd76f31]" started-at="2024-11-11T13:07:38 IST" name="elementActions" finished-at="2024-11-11T13:07:39 IST" duration-ms="747" status="PASS">
          <reporter-output>
          </reporter-output>
        </test-method> <!-- elementActions -->
      </class> <!-- com.qapitol.Testcases.ElementsTest -->
    </test> <!-- Default test -->
  </suite> <!-- Default suite -->
</testng-results>
